GC Heap History (10 events):
Event: 17859.162 GC heap before
{Heap before GC invocations=51 (full 0):
 PSYoungGen      total 31232K, used 30784K [0x0000000770a00000, 0x0000000772e80000, 0x00000007c0000000)
  eden space 30720K, 100% used [0x0000000770a00000,0x0000000772800000,0x0000000772800000)
  from space 512K, 12% used [0x0000000772e00000,0x0000000772e10000,0x0000000772e80000)
  to   space 512K, 0% used [0x0000000772d80000,0x0000000772d80000,0x0000000772e00000)
 ParOldGen       total 163840K, used 2656K [0x00000006d1e00000, 0x00000006dbe00000, 0x0000000770a00000)
  object space 163840K, 1% used [0x00000006d1e00000,0x00000006d2098040,0x00000006dbe00000)
 Metaspace       used 12750K, capacity 12932K, committed 13184K, reserved 1060864K
  class space    used 1584K, capacity 1660K, committed 1664K, reserved 1048576K
Event: 17859.163 GC heap after
Heap after GC invocations=51 (full 0):
 PSYoungGen      total 31232K, used 96K [0x0000000770a00000, 0x0000000772e80000, 0x00000007c0000000)
  eden space 30720K, 0% used [0x0000000770a00000,0x0000000770a00000,0x0000000772800000)
  from space 512K, 18% used [0x0000000772d80000,0x0000000772d98000,0x0000000772e00000)
  to   space 512K, 0% used [0x0000000772e00000,0x0000000772e00000,0x0000000772e80000)
 ParOldGen       total 163840K, used 2656K [0x00000006d1e00000, 0x00000006dbe00000, 0x0000000770a00000)
  object space 163840K, 1% used [0x00000006d1e00000,0x00000006d2098040,0x00000006dbe00000)
 Metaspace       used 12750K, capacity 12932K, committed 13184K, reserved 1060864K
  class space    used 1584K, capacity 1660K, committed 1664K, reserved 1048576K
}
Event: 18098.687 GC heap before
{Heap before GC invocations=52 (full 0):
 PSYoungGen      total 31232K, used 30816K [0x0000000770a00000, 0x0000000772e80000, 0x00000007c0000000)
  eden space 30720K, 100% used [0x0000000770a00000,0x0000000772800000,0x0000000772800000)
  from space 512K, 18% used [0x0000000772d80000,0x0000000772d98000,0x0000000772e00000)
  to   space 512K, 0% used [0x0000000772e00000,0x0000000772e00000,0x0000000772e80000)
 ParOldGen       total 163840K, used 2656K [0x00000006d1e00000, 0x00000006dbe00000, 0x0000000770a00000)
  object space 163840K, 1% used [0x00000006d1e00000,0x00000006d2098040,0x00000006dbe00000)
 Metaspace       used 12750K, capacity 12932K, committed 13184K, reserved 1060864K
  class space    used 1584K, capacity 1660K, committed 1664K, reserved 1048576K
Event: 18098.688 GC heap after
Heap after GC invocations=52 (full 0):
 PSYoungGen      total 31232K, used 64K [0x0000000770a00000, 0x0000000772e80000, 0x00000007c0000000)
  eden space 30720K, 0% used [0x0000000770a00000,0x0000000770a00000,0x0000000772800000)
  from space 512K, 12% used [0x0000000772e00000,0x0000000772e10000,0x0000000772e80000)
  to   space 512K, 0% used [0x0000000772d80000,0x0000000772d80000,0x0000000772e00000)
 ParOldGen       total 163840K, used 2656K [0x00000006d1e00000, 0x00000006dbe00000, 0x0000000770a00000)
  object space 163840K, 1% used [0x00000006d1e00000,0x00000006d2098040,0x00000006dbe00000)
 Metaspace       used 12750K, capacity 12932K, committed 13184K, reserved 1060864K
  class space    used 1584K, capacity 1660K, committed 1664K, reserved 1048576K
}
Event: 18339.591 GC heap before
{Heap before GC invocations=53 (full 0):
 PSYoungGen      total 31232K, used 30784K [0x0000000770a00000, 0x0000000772e80000, 0x00000007c0000000)
  eden space 30720K, 100% used [0x0000000770a00000,0x0000000772800000,0x0000000772800000)
  from space 512K, 12% used [0x0000000772e00000,0x0000000772e10000,0x0000000772e80000)
  to   space 512K, 0% used [0x0000000772d80000,0x0000000772d80000,0x0000000772e00000)
 ParOldGen       total 163840K, used 2656K [0x00000006d1e00000, 0x00000006dbe00000, 0x0000000770a00000)
  object space 163840K, 1% used [0x00000006d1e00000,0x00000006d2098040,0x00000006dbe00000)
 Metaspace       used 12750K, capacity 12932K, committed 13184K, reserved 1060864K
  class space    used 1584K, capacity 1660K, committed 1664K, reserved 1048576K
Event: 18339.592 GC heap after
Heap after GC invocations=53 (full 0):
 PSYoungGen      total 31232K, used 128K [0x0000000770a00000, 0x0000000772e80000, 0x00000007c0000000)
  eden space 30720K, 0% used [0x0000000770a00000,0x0000000770a00000,0x0000000772800000)
  from space 512K, 25% used [0x0000000772d80000,0x0000000772da0000,0x0000000772e00000)
  to   space 512K, 0% used [0x0000000772e00000,0x0000000772e00000,0x0000000772e80000)
 ParOldGen       total 163840K, used 2656K [0x00000006d1e00000, 0x00000006dbe00000, 0x0000000770a00000)
  object space 163840K, 1% used [0x00000006d1e00000,0x00000006d2098040,0x00000006dbe00000)
 Metaspace       used 12750K, capacity 12932K, committed 13184K, reserved 1060864K
  class space    used 1584K, capacity 1660K, committed 1664K, reserved 1048576K
}
Event: 18578.866 GC heap before
{Heap before GC invocations=54 (full 0):
 PSYoungGen      total 31232K, used 30848K [0x0000000770a00000, 0x0000000772e80000, 0x00000007c0000000)
  eden space 30720K, 100% used [0x0000000770a00000,0x0000000772800000,0x0000000772800000)
  from space 512K, 25% used [0x0000000772d80000,0x0000000772da0000,0x0000000772e00000)
  to   space 512K, 0% used [0x0000000772e00000,0x0000000772e00000,0x0000000772e80000)
 ParOldGen       total 163840K, used 2656K [0x00000006d1e00000, 0x00000006dbe00000, 0x0000000770a00000)
  object space 163840K, 1% used [0x00000006d1e00000,0x00000006d2098040,0x00000006dbe00000)
 Metaspace       used 12750K, capacity 12932K, committed 13184K, reserved 1060864K
  class space    used 1584K, capacity 1660K, committed 1664K, reserved 1048576K
Event: 18578.867 GC heap after
Heap after GC invocations=54 (full 0):
 PSYoungGen      total 31232K, used 128K [0x0000000770a00000, 0x0000000772e80000, 0x00000007c0000000)
  eden space 30720K, 0% used [0x0000000770a00000,0x0000000770a00000,0x0000000772800000)
  from space 512K, 25% used [0x0000000772e00000,0x0000000772e20000,0x0000000772e80000)
  to   space 512K, 0% used [0x0000000772d80000,0x0000000772d80000,0x0000000772e00000)
 ParOldGen       total 163840K, used 2656K [0x00000006d1e00000, 0x00000006dbe00000, 0x0000000770a00000)
  object space 163840K, 1% used [0x00000006d1e00000,0x00000006d2098040,0x00000006dbe00000)
 Metaspace       used 12750K, capacity 12932K, committed 13184K, reserved 1060864K
  class space    used 1584K, capacity 1660K, committed 1664K, reserved 1048576K
}
Event: 18822.102 GC heap before
{Heap before GC invocations=55 (full 0):
 PSYoungGen      total 31232K, used 30848K [0x0000000770a00000, 0x0000000772e80000, 0x00000007c0000000)
  eden space 30720K, 100% used [0x0000000770a00000,0x0000000772800000,0x0000000772800000)
  from space 512K, 25% used [0x0000000772e00000,0x0000000772e20000,0x0000000772e80000)
  to   space 512K, 0% used [0x0000000772d80000,0x0000000772d80000,0x0000000772e00000)
 ParOldGen       total 163840K, used 2656K [0x00000006d1e00000, 0x00000006dbe00000, 0x0000000770a00000)
  object space 163840K, 1% used [0x00000006d1e00000,0x00000006d2098040,0x00000006dbe00000)
 Metaspace       used 12750K, capacity 12932K, committed 13184K, reserved 1060864K
  class space    used 1584K, capacity 1660K, committed 1664K, reserved 1048576K
Event: 18822.103 GC heap after
Heap after GC invocations=55 (full 0):
 PSYoungGen      total 31232K, used 160K [0x0000000770a00000, 0x0000000772e80000, 0x00000007c0000000)
  eden space 30720K, 0% used [0x0000000770a00000,0x0000000770a00000,0x0000000772800000)
  from space 512K, 31% used [0x0000000772d80000,0x0000000772da8000,0x0000000772e00000)
  to   space 512K, 0% used [0x0000000772e00000,0x0000000772e00000,0x0000000772e80000)
 ParOldGen       total 163840K, used 2656K [0x00000006d1e00000, 0x00000006dbe00000, 0x0000000770a00000)
  object space 163840K, 1% used [0x00000006d1e00000,0x00000006d2098040,0x00000006dbe00000)
 Metaspace       used 12750K, capacity 12932K, committed 13184K, reserved 1060864K
  class space    used 1584K, capacity 1660K, committed 1664K, reserved 1048576K
}

